# vsim -sv_seed random -voptargs="+acc" -debugDB -c -suppress 7033 -l logs/simulation.log -do "do wave.do; run -all; quit" work.lab_03_tb_register_file 
# Start time: 16:29:58 on Feb 21,2026
# ** Note: (vsim-3812) Design is being optimized...
# ** Note: (vsim-8611) Generating debug db.
# ** Warning: (vopt-10587) Some optimizations are turned off because the +acc switch is in effect. This will cause your simulation to run slowly. Please use -access/-debug to maintain needed visibility.
# Support of the MGLS_LICENSE_FILE and LM_LICENSE_FILE licensing environment variables will be discontinued starting with the 2025.1 release. Please update to using the SALT_LICENSE_SERVER variable.
# Please contact Siemens EDA Customer Support (https://support.sw.siemens.com/) for assistance.
# ** Note: (vsim-12126) Error and warning message counts have been restored: Errors=0, Warnings=1.
# //  Questa Sim-64
# //  Version 2024.1 win64 Feb  1 2024
# //
# // Unpublished work. Copyright 2024 Siemens
# //
# // This material contains trade secrets or otherwise confidential information
# // owned by Siemens Industry Software Inc. or its affiliates (collectively,
# // "SISW"), or its licensors. Access to and use of this information is strictly
# // limited as set forth in the Customer's applicable agreements with SISW.
# //
# // This material may not be copied, distributed, or otherwise disclosed outside
# // of the Customer's facilities without the express written permission of SISW,
# // and may not be used in any way not expressly authorized by SISW.
# //
# Loading sv_std.std
# Loading work.lab_03_tb_register_file(fast)
# Loading work.memory_pkg(fast)
# Loading work.register_file(fast)
# Loading work.register_file_ref(fast)
# ** Note: (vsim-8900) Creating design debug database vsim.dbg.
# Sv_Seed = 2029409438
# do wave.do
#  run -all
# Test has been started
# 
# Test has been finished
# Number of errors:           0
# 
# ** Note: $finish    : ../lab_03_tb_register_file.sv(180)
#    Time: 1430 ns  Iteration: 1  Instance: /lab_03_tb_register_file
# End time: 16:29:59 on Feb 21,2026, Elapsed time: 0:00:01
# Errors: 0, Warnings: 1
