b_sel_o         value is incorrect (  001 instead of   001), instruction: 010000000100 10011 010 01001 0010011  (     SLTI     )
illegal_instr_o value is incorrect (    0 instead of     0), instruction: 010000000100 10011 010 01001 0010011  (     SLTI     )
gpr_we_o        value is incorrect (    1 instead of     1), instruction: 010000000100 10011 010 01001 0010011  (     SLTI     )
alu_op_o        value is incorrect (00010 instead of 00010), instruction: 010000000100 10011 010 01001 0010011  (     SLTI     )
csr_op_o        value is incorrect (  000 instead of   000), instruction: 01000001110110010011 11110 1101111    (     JAL      )
wb_sel_o        value is incorrect (   00 instead of    00), instruction: 01000001110110010011 11110 1101111    (     JAL      )
mem_size_o      value is incorrect (  011 instead of   011), instruction: 01000001110011000010 00110 0110111    (     LUI      )
b_sel_o         value is incorrect (  010 instead of   010), instruction: 01000001110011000010 00110 0110111    (     LUI      )
mem_size_o      value is incorrect (  100 instead of   100), instruction: 010000011000 00101 100 01111 0000011  (      LBU     )
b_sel_o         value is incorrect (  001 instead of   001), instruction: 010000011000 00101 100 01111 0000011  (      LBU     )
b_sel_o         value is incorrect (  010 instead of   010), instruction: 01000000100001000011 11000 0110111    (     LUI      )
a_sel_o         value is incorrect (   10 instead of    10), instruction: 01000000100001000011 11000 0110111    (     LUI      )
mem_size_o      value is incorrect (  011 instead of   011), instruction: 000000000011 10111 110 10111 1110011  (    CSRRSI    )
b_sel_o         value is incorrect (  000 instead of   000), instruction: 000000000011 10111 110 10111 1110011  (    CSRRSI    )
wb_sel_o        value is incorrect (   10 instead of    10), instruction: 000000000011 10111 110 10111 1110011  (    CSRRSI    )
mem_size_o      value is incorrect (  011 instead of   011), instruction: 010000000100 11110 110 10011 1110011  (    CSRRSI    )
b_sel_o         value is incorrect (  000 instead of   000), instruction: 010000000100 11110 110 10011 1110011  (    CSRRSI    )
mem_size_o      value is incorrect (  011 instead of   011), instruction: 010000001110 11110 010 10001 1110011  (    CSRRS     )
b_sel_o         value is incorrect (  000 instead of   000), instruction: 010000001110 11110 010 10001 1110011  (    CSRRS     )
b_sel_o         value is incorrect (  010 instead of   010), instruction: 00000001100111000000 00001 0110111    (     LUI      )
wb_sel_o        value is incorrect (   00 instead of    00), instruction: 00000001100111000000 00001 0110111    (     LUI      )
b_sel_o         value is incorrect (  010 instead of   010), instruction: 01000001100110101110 11100 0010111    (    AUIPC     )
a_sel_o         value is incorrect (   01 instead of    01), instruction: 01000001100110101110 11100 0010111    (    AUIPC     )
illegal_instr_o value is incorrect (    1 instead of     1), instruction: 000000011011 01100 100 01100 1110011  (illegal_SYSTEM)
gpr_we_o        value is incorrect (    0 instead of     0), instruction: 000000011011 01100 100 01100 1110011  (illegal_SYSTEM)
csr_op_o        value is incorrect (  000 instead of   000), instruction: 01000001011100111001 11101 0110111    (     LUI      )
wb_sel_o        value is incorrect (   00 instead of    00), instruction: 01000001011100111001 11101 0110111    (     LUI      )
b_sel_o         value is incorrect (  000 instead of   000), instruction: 0000000 00001 01101 101 00011 1100011 (     BGE      )
mem_size_o      value is incorrect (  011 instead of   011), instruction: 0000000 00001 01101 101 00011 1100011 (     BGE      )
wb_sel_o        value is incorrect (   10 instead of    10), instruction: 010000010101 10110 110 11011 1110011  (    CSRRSI    )
mem_size_o      value is incorrect (  011 instead of   011), instruction: 010000010101 10110 110 11011 1110011  (    CSRRSI    )
b_sel_o         value is incorrect (  000 instead of   000), instruction: 010000010101 10110 110 11011 1110011  (    CSRRSI    )
alu_op_o        value is incorrect (00000 instead of 00000), instruction: 00000001010101011010 01101 0110111    (     LUI      )
b_sel_o         value is incorrect (  011 instead of   011), instruction: 0100000 01011 11011 001 01101 0100011 (      SH      )
a_sel_o         value is incorrect (   00 instead of    00), instruction: 0100000 01011 11011 001 01101 0100011 (      SH      )
alu_op_o        value is incorrect (00000 instead of 00000), instruction: 000000000000 00000 010 10011 0000011  (      LW      )
b_sel_o         value is incorrect (  010 instead of   010), instruction: 00000001100101011110 00101 0010111    (    AUIPC     )
mem_size_o      value is incorrect (  011 instead of   011), instruction: 00000001100101011110 00101 0010111    (    AUIPC     )
b_sel_o         value is incorrect (  100 instead of   100), instruction: 01000000010101010010 11001 1101111    (     JAL      )
a_sel_o         value is incorrect (   01 instead of    01), instruction: 01000000010101010010 11001 1101111    (     JAL      )
b_sel_o         value is incorrect (  010 instead of   010), instruction: 00000001011001000000 01001 0010111    (    AUIPC     )
a_sel_o         value is incorrect (   01 instead of    01), instruction: 00000001011001000000 01001 0010111    (    AUIPC     )
b_sel_o         value is incorrect (  010 instead of   010), instruction: 00000001101010010000 10111 0110111    (     LUI      )
mem_size_o      value is incorrect (  011 instead of   011), instruction: 00000001101010010000 10111 0110111    (     LUI      )
b_sel_o         value is incorrect (  011 instead of   011), instruction: 0100000 11000 00001 010 00010 0100011 (      SW      )
wb_sel_o        value is incorrect (   00 instead of    00), instruction: 0100000 11000 00001 010 00010 0100011 (      SW      )
a_sel_o         value is incorrect (   00 instead of    00), instruction: 0000000 00010 00110 101 10101 1100011 (     BGE      )
b_sel_o         value is incorrect (  000 instead of   000), instruction: 0000000 00010 00110 101 10101 1100011 (     BGE      )
mem_size_o      value is incorrect (  000 instead of   000), instruction: 0100000 11000 11111 000 10010 0100011 (      SB      )
b_sel_o         value is incorrect (  011 instead of   011), instruction: 0100000 11000 11111 000 10010 0100011 (      SB      )
b_sel_o         value is incorrect (  100 instead of   100), instruction: 01000000010100011110 01001 1101111    (     JAL      )
a_sel_o         value is incorrect (   01 instead of    01), instruction: 01000000010100011110 01001 1101111    (     JAL      )
mem_size_o      value is incorrect (  011 instead of   011), instruction: 01000001010001110101 00010 0010111    (    AUIPC     )
b_sel_o         value is incorrect (  010 instead of   010), instruction: 01000001010001110101 00010 0010111    (    AUIPC     )
mem_size_o      value is incorrect (  011 instead of   011), instruction: 01000001101111000001 00110 0110111    (     LUI      )
b_sel_o         value is incorrect (  010 instead of   010), instruction: 01000001101111000001 00110 0110111    (     LUI      )
mem_size_o      value is incorrect (  011 instead of   011), instruction: 01000000101101101111 00110 0110111    (     LUI      )
b_sel_o         value is incorrect (  010 instead of   010), instruction: 01000000101101101111 00110 0110111    (     LUI      )
b_sel_o         value is incorrect (  001 instead of   001), instruction: 010000010010 11110 010 00101 0010011  (     SLTI     )
a_sel_o         value is incorrect (   00 instead of    00), instruction: 010000010010 11110 010 00101 0010011  (     SLTI     )
alu_op_o        value is incorrect (00000 instead of 00000), instruction: 00000000011110110100 01010 0110111    (     LUI      )
alu_op_o        value is incorrect (11100 instead of 11100), instruction: 0000000 10111 01100 100 00000 1100011 (     BLT      )
mem_size_o      value is incorrect (  011 instead of   011), instruction: 00000001001011001110 01010 0110111    (     LUI      )
b_sel_o         value is incorrect (  010 instead of   010), instruction: 00000001001011001110 01010 0110111    (     LUI      )
alu_op_o        value is incorrect (01000 instead of 01000), instruction: 0100000 11100 00101 000 00100 0110011 (      SUB     )
b_sel_o         value is incorrect (  000 instead of   000), instruction: 0100000 01001 00000 001 11110 1100011 (     BNE      )
a_sel_o         value is incorrect (   00 instead of    00), instruction: 0100000 01001 00000 001 11110 1100011 (     BNE      )
b_sel_o         value is incorrect (  010 instead of   010), instruction: 00000000010010100111 00110 0110111    (     LUI      )
a_sel_o         value is incorrect (   10 instead of    10), instruction: 00000000010010100111 00110 0110111    (     LUI      )
wb_sel_o        value is incorrect (   00 instead of    00), instruction: 01000001001101001011 00110 0110111    (     LUI      )
b_sel_o         value is incorrect (  010 instead of   010), instruction: 01000001001101001011 00110 0110111    (     LUI      )
alu_op_o        value is incorrect (00110 instead of 00110), instruction: 0000000 01010 00101 110 11100 0110011 (      OR      )
b_sel_o         value is incorrect (  010 instead of   010), instruction: 00000000010111110001 10010 0110111    (     LUI      )
a_sel_o         value is incorrect (   10 instead of    10), instruction: 00000000010111110001 10010 0110111    (     LUI      )
b_sel_o         value is incorrect (  000 instead of   000), instruction: 0000000 01010 10000 110 01110 0110011 (      OR      )
a_sel_o         value is incorrect (   00 instead of    00), instruction: 0000000 01010 10000 110 01110 0110011 (      OR      )
alu_op_o        value is incorrect (00100 instead of 00100), instruction: 0000000 01111 10100 100 11010 0110011 (      XOR     )
b_sel_o         value is incorrect (  000 instead of   000), instruction: 000000000000 00011 110 00011 1110011  (    CSRRSI    )
a_sel_o         value is incorrect (   00 instead of    00), instruction: 000000000000 00011 110 00011 1110011  (    CSRRSI    )
a_sel_o         value is incorrect (   00 instead of    00), instruction: 0100000 00101 10111 001 11000 1100011 (     BNE      )
b_sel_o         value is incorrect (  000 instead of   000), instruction: 0100000 00101 10111 001 11000 1100011 (     BNE      )
alu_op_o        value is incorrect (00000 instead of 00000), instruction: 010000001001 00011 010 10011 1110011  (    CSRRS     )
b_sel_o         value is incorrect (  001 instead of   001), instruction: 011001101010 00001 100 11100 0000011  (      LBU     )
a_sel_o         value is incorrect (   00 instead of    00), instruction: 011001101010 00001 100 11100 0000011  (      LBU     )
b_sel_o         value is incorrect (  010 instead of   010), instruction: 00000001111110111101 10111 0110111    (     LUI      )
b_sel_o         value is incorrect (  010 instead of   010), instruction: 00000001000111010010 10001 0110111    (     LUI      )
a_sel_o         value is incorrect (   10 instead of    10), instruction: 00000001000111010010 10001 0110111    (     LUI      )
alu_op_o        value is incorrect (00011 instead of 00011), instruction: 000000001111 00100 011 11111 0010011  (    SLTIU     )
mem_size_o      value is incorrect (  001 instead of   001), instruction: 000000011000 10010 001 00000 0000011  (      LH      )
wb_sel_o        value is incorrect (   01 instead of    01), instruction: 000000011000 10010 001 00000 0000011  (      LH      )
b_sel_o         value is incorrect (  001 instead of   001), instruction: 000000011000 10010 001 00000 0000011  (      LH      )
alu_op_o        value is incorrect (00000 instead of 00000), instruction: 01000000111110101001 00001 0110111    (     LUI      )
alu_op_o        value is incorrect (00000 instead of 00000), instruction: 0100000 10010 10101 010 10011 0100011 (      SW      )
wb_sel_o        value is incorrect (   10 instead of    10), instruction: 010000000010 11110 001 10011 1110011  (    CSRRW     )
b_sel_o         value is incorrect (  000 instead of   000), instruction: 010000000010 11110 001 10011 1110011  (    CSRRW     )
mem_size_o      value is incorrect (  011 instead of   011), instruction: 010000000010 11110 001 10011 1110011  (    CSRRW     )
mem_size_o      value is incorrect (  011 instead of   011), instruction: 010000010100 00010 100 01000 0010011  (     XORI     )
wb_sel_o        value is incorrect (   00 instead of    00), instruction: 010000010100 00010 100 01000 0010011  (     XORI     )
b_sel_o         value is incorrect (  001 instead of   001), instruction: 010000010100 00010 100 01000 0010011  (     XORI     )
mem_size_o      value is incorrect (  101 instead of   101), instruction: 000000000110 00111 101 10101 0000011  (      LHU     )
wb_sel_o        value is incorrect (   01 instead of    01), instruction: 000000000110 00111 101 10101 0000011  (      LHU     )
b_sel_o         value is incorrect (  001 instead of   001), instruction: 000000000110 00111 101 10101 0000011  (      LHU     )
b_sel_o         value is incorrect (  000 instead of   000), instruction: 0100000 01100 10100 101 01011 1100011 (     BGE      )
a_sel_o         value is incorrect (   00 instead of    00), instruction: 0100000 01100 10100 101 01011 1100011 (     BGE      )
b_sel_o         value is incorrect (  010 instead of   010), instruction: 01000000110100000110 01000 0110111    (     LUI      )
a_sel_o         value is incorrect (   10 instead of    10), instruction: 01000000110100000110 01000 0110111    (     LUI      )
a_sel_o         value is incorrect (   00 instead of    00), instruction: 0100000 11110 01111 101 00010 1100011 (     BGE      )
b_sel_o         value is incorrect (  000 instead of   000), instruction: 0100000 11110 01111 101 00010 1100011 (     BGE      )
alu_op_o        value is incorrect (11001 instead of 11001), instruction: 0000000 11010 11001 001 11110 1100011 (     BNE      )
mem_size_o      value is incorrect (  011 instead of   011), instruction: 01000001101010100001 01001 0010111    (    AUIPC     )
b_sel_o         value is incorrect (  010 instead of   010), instruction: 01000001101010100001 01001 0010111    (    AUIPC     )
b_sel_o         value is incorrect (  001 instead of   001), instruction: 010000010101 11111 111 11100 0010011  (     ANDI     )
a_sel_o         value is incorrect (   00 instead of    00), instruction: 010000010101 11111 111 11100 0010011  (     ANDI     )
mem_size_o      value is incorrect (  000 instead of   000), instruction: 0000000 01111 00101 000 10010 0100011 (      SB      )
b_sel_o         value is incorrect (  011 instead of   011), instruction: 0000000 01111 00101 000 10010 0100011 (      SB      )
b_sel_o         value is incorrect (  000 instead of   000), instruction: 0000000 10111 10011 000 00010 1100011 (     BEQ      )
alu_op_o        value is incorrect (00000 instead of 00000), instruction: 010000011010 01110 100 01000 0000011  (      LBU     )
b_sel_o         value is incorrect (  010 instead of   010), instruction: 11001000000111011011 00010 0010111    (    AUIPC     )
a_sel_o         value is incorrect (   01 instead of    01), instruction: 11001000000111011011 00010 0010111    (    AUIPC     )
b_sel_o         value is incorrect (  010 instead of   010), instruction: 00000000011100110100 00000 0010111    (    AUIPC     )
a_sel_o         value is incorrect (   01 instead of    01), instruction: 00000000011100110100 00000 0010111    (    AUIPC     )
b_sel_o         value is incorrect (  001 instead of   001), instruction: 010000001000 11101 011 01000 0010011  (    SLTIU     )
mem_size_o      value is incorrect (  011 instead of   011), instruction: 010000001000 11101 011 01000 0010011  (    SLTIU     )
wb_sel_o        value is incorrect (   00 instead of    00), instruction: 00000000100000001100 10100 1101111    (     JAL      )
b_sel_o         value is incorrect (  100 instead of   100), instruction: 00000000100000001100 10100 1101111    (     JAL      )
alu_op_o        value is incorrect (00000 instead of 00000), instruction: 010000000110 01011 001 01000 0000011  (      LH      )
csr_op_o        value is incorrect (  000 instead of   000), instruction: 010000001111 00110 001 10010 0000011  (      LH      )
wb_sel_o        value is incorrect (   01 instead of    01), instruction: 010000001111 00110 001 10010 0000011  (      LH      )
alu_op_o        value is incorrect (00110 instead of 00110), instruction: 010000010011 11101 110 10101 0010011  (     ORI      )
b_sel_o         value is incorrect (  001 instead of   001), instruction: 010000000001 01001 010 00000 0010011  (     SLTI     )
a_sel_o         value is incorrect (   00 instead of    00), instruction: 010000000001 01001 010 00000 0010011  (     SLTI     )
mem_size_o      value is incorrect (  011 instead of   011), instruction: 000000011001 10100 111 01001 0010011  (     ANDI     )
b_sel_o         value is incorrect (  001 instead of   001), instruction: 000000011001 10100 111 01001 0010011  (     ANDI     )
illegal_instr_o value is incorrect (    1 instead of     1), instruction: 01000000111001010 111 11011 0001111   (illegal_FENCE )
gpr_we_o        value is incorrect (    0 instead of     0), instruction: 01000000111001010 111 11011 0001111   (illegal_FENCE )
alu_op_o        value is incorrect (01000 instead of 01000), instruction: 0100000 01101 11111 000 01111 0110011 (      SUB     )
b_sel_o         value is incorrect (  000 instead of   000), instruction: 001000001000 10100 001 11111 1110011  (    CSRRW     )
a_sel_o         value is incorrect (   00 instead of    00), instruction: 001000001000 10100 001 11111 1110011  (    CSRRW     )
b_sel_o         value is incorrect (  001 instead of   001), instruction: 010000001001 10110 011 11111 0010011  (    SLTIU     )
a_sel_o         value is incorrect (   00 instead of    00), instruction: 010000001001 10110 011 11111 0010011  (    SLTIU     )
mem_size_o      value is incorrect (  100 instead of   100), instruction: 000000010011 00100 100 10100 0000011  (      LBU     )
b_sel_o         value is incorrect (  001 instead of   001), instruction: 000000010011 00100 100 10100 0000011  (      LBU     )
wb_sel_o        value is incorrect (   00 instead of    00), instruction: 00000000101101010001 00100 0010111    (    AUIPC     )
b_sel_o         value is incorrect (  010 instead of   010), instruction: 00000000101101010001 00100 0010111    (    AUIPC     )
b_sel_o         value is incorrect (  000 instead of   000), instruction: 0100000 00101 11001 111 00101 1100011 (     BGEU     )
a_sel_o         value is incorrect (   00 instead of    00), instruction: 0100000 00101 11001 111 00101 1100011 (     BGEU     )
b_sel_o         value is incorrect (  100 instead of   100), instruction: 00000000110100110100 00000 1101111    (     JAL      )
mem_size_o      value is incorrect (  011 instead of   011), instruction: 00000000110100110100 00000 1101111    (     JAL      )
b_sel_o         value is incorrect (  001 instead of   001), instruction: 010000011110 10010 100 11001 0010011  (     XORI     )
wb_sel_o        value is incorrect (   00 instead of    00), instruction: 010000011110 10010 100 11001 0010011  (     XORI     )
mem_size_o      value is incorrect (  011 instead of   011), instruction: 010000011110 10010 100 11001 0010011  (     XORI     )
b_sel_o         value is incorrect (  010 instead of   010), instruction: 01000001010111010011 00101 0110111    (     LUI      )
a_sel_o         value is incorrect (   10 instead of    10), instruction: 01000001010111010011 00101 0110111    (     LUI      )
wb_sel_o        value is incorrect (   00 instead of    00), instruction: 00000001101111101110 00010 0010111    (    AUIPC     )
b_sel_o         value is incorrect (  010 instead of   010), instruction: 00000001101111101110 00010 0010111    (    AUIPC     )
alu_op_o        value is incorrect (11111 instead of 11111), instruction: 0100000 01011 10011 111 01100 1100011 (     BGEU     )
b_sel_o         value is incorrect (  010 instead of   010), instruction: 00000001111011001101 00100 0010111    (    AUIPC     )
a_sel_o         value is incorrect (   01 instead of    01), instruction: 00000001111011001101 00100 0010111    (    AUIPC     )
mem_size_o      value is incorrect (  011 instead of   011), instruction: 000000011110 00101 111 10111 0010011  (     ANDI     )
wb_sel_o        value is incorrect (   00 instead of    00), instruction: 000000011110 00101 111 10111 0010011  (     ANDI     )
b_sel_o         value is incorrect (  001 instead of   001), instruction: 000000011110 00101 111 10111 0010011  (     ANDI     )
b_sel_o         value is incorrect (  010 instead of   010), instruction: 01000001001000101111 11110 0110111    (     LUI      )
b_sel_o         value is incorrect (  011 instead of   011), instruction: 0100000 11110 00001 000 10001 0100011 (      SB      )
a_sel_o         value is incorrect (   00 instead of    00), instruction: 0100000 11110 00001 000 10001 0100011 (      SB      )
b_sel_o         value is incorrect (  001 instead of   001), instruction: 010000011101 00110 111 00010 0010011  (     ANDI     )
wb_sel_o        value is incorrect (   00 instead of    00), instruction: 010000011101 00110 111 00010 0010011  (     ANDI     )
mem_size_o      value is incorrect (  011 instead of   011), instruction: 0000000 01111 10110 111 11110 1100011 (     BGEU     )
b_sel_o         value is incorrect (  000 instead of   000), instruction: 0000000 01111 10110 111 11110 1100011 (     BGEU     )
a_sel_o         value is incorrect (   10 instead of    10), instruction: 01000001101000010100 01010 0110111    (     LUI      )
b_sel_o         value is incorrect (  010 instead of   010), instruction: 01000001101000010100 01010 0110111    (     LUI      )
alu_op_o        value is incorrect (00010 instead of 00010), instruction: 000000000111 10111 010 00110 0010011  (     SLTI     )
mem_size_o      value is incorrect (  011 instead of   011), instruction: 01000001011111111001 11110 0110111    (     LUI      )
b_sel_o         value is incorrect (  010 instead of   010), instruction: 01000001011111111001 11110 0110111    (     LUI      )
b_sel_o         value is incorrect (  000 instead of   000), instruction: 0000000 10110 10101 100 10101 1100011 (     BLT      )
alu_op_o        value is incorrect (11101 instead of 11101), instruction: 0000000 10000 01000 101 00100 1100011 (     BGE      )
alu_op_o        value is incorrect (00000 instead of 00000), instruction: 00000000001110110101 11111 1101111    (     JAL      )
b_sel_o         value is incorrect (  010 instead of   010), instruction: 00000001010010111000 11001 0010111    (    AUIPC     )
mem_size_o      value is incorrect (  011 instead of   011), instruction: 00000001010010111000 11001 0010111    (    AUIPC     )
wb_sel_o        value is incorrect (   00 instead of    00), instruction: 00000001010010111000 11001 0010111    (    AUIPC     )
mem_size_o      value is incorrect (  011 instead of   011), instruction: 01000001100100110 000 10000 0001111   (     FENCE    )
b_sel_o         value is incorrect (  000 instead of   000), instruction: 01000001100100110 000 10000 0001111   (     FENCE    )
b_sel_o         value is incorrect (  001 instead of   001), instruction: 010000011001 10100 101 00110 0010011  (     SRAI     )
a_sel_o         value is incorrect (   00 instead of    00), instruction: 010000011001 10100 101 00110 0010011  (     SRAI     )
b_sel_o         value is incorrect (  011 instead of   011), instruction: 0100000 10111 10011 000 00011 0100011 (      SB      )
a_sel_o         value is incorrect (   00 instead of    00), instruction: 0100000 10111 10011 000 00011 0100011 (      SB      )
b_sel_o         value is incorrect (  010 instead of   010), instruction: 01000000011110111001 00010 0010111    (    AUIPC     )
mem_size_o      value is incorrect (  011 instead of   011), instruction: 01000000011110111001 00010 0010111    (    AUIPC     )
wb_sel_o        value is incorrect (   00 instead of    00), instruction: 01000000011110111001 00010 0010111    (    AUIPC     )
wb_sel_o        value is incorrect (   00 instead of    00), instruction: 0000000 11010 00000 110 10011 0110011 (      OR      )
csr_op_o        value is incorrect (  000 instead of   000), instruction: 0000000 11010 00000 110 10011 0110011 (      OR      )
b_sel_o         value is incorrect (  010 instead of   010), instruction: 01000001010011010001 00011 0010111    (    AUIPC     )
a_sel_o         value is incorrect (   01 instead of    01), instruction: 01000001010011010001 00011 0010111    (    AUIPC     )
b_sel_o         value is incorrect (  001 instead of   001), instruction: 010000001011 01110 010 01100 0000011  (      LW      )
mem_size_o      value is incorrect (  010 instead of   010), instruction: 010000001011 01110 010 01100 0000011  (      LW      )
b_sel_o         value is incorrect (  100 instead of   100), instruction: 00000000011000101010 00110 1101111    (     JAL      )
a_sel_o         value is incorrect (   01 instead of    01), instruction: 00000000011000101010 00110 1101111    (     JAL      )
alu_op_o        value is incorrect (00000 instead of 00000), instruction: 01000001010100011100 00000 0010111    (    AUIPC     )
wb_sel_o        value is incorrect (   10 instead of    10), instruction: 010000000011 01101 011 00100 1110011  (    CSRRC     )
csr_op_o        value is incorrect (  011 instead of   011), instruction: 010000000011 01101 011 00100 1110011  (    CSRRC     )
wb_sel_o        value is incorrect (   00 instead of    00), instruction: 00000000011110010000 00110 0010111    (    AUIPC     )
mem_size_o      value is incorrect (  011 instead of   011), instruction: 00000000011110010000 00110 0010111    (    AUIPC     )
b_sel_o         value is incorrect (  010 instead of   010), instruction: 00000000011110010000 00110 0010111    (    AUIPC     )
